<?xml version="1.0" encoding="UTF-8"?>
<!-- Generated by org.testng.reporters.JUnitReportReporter -->
<testsuite hostname="LAPTOP-4RFCIL1O" failures="0" tests="1" name="MavenTest.ReadDataTest" time="0.010" errors="0" timestamp="2022-03-14T16:11:32 IST" skipped="0">
  <testcase classname="MavenTest.ReadDataTest" name="readDataTest" time="0.010"/>
  <system-out/>
</testsuite> <!-- MavenTest.ReadDataTest -->
